-------------------------------------------------------------------------------
Test set: com.example.requestmanagement.service.RequestServiceTest
-------------------------------------------------------------------------------
Tests run: 20, Failures: 0, Errors: 1, Skipped: 0, Time elapsed: 0.174 s <<< FAILURE! -- in com.example.requestmanagement.service.RequestServiceTest
com.example.requestmanagement.service.RequestServiceTest.reject_shouldRejectBlankReason -- Time elapsed: 0.005 s <<< ERROR!
org.mockito.exceptions.misusing.UnnecessaryStubbingException: 

Unnecessary stubbings detected.
Clean & maintainable test code requires zero unnecessary code.
Following stubbings are unnecessary (click to navigate to relevant line of code):
  1. -> at com.example.requestmanagement.service.RequestServiceTest.reject_shouldRejectBlankReason(RequestServiceTest.java:175)
Please remove unnecessary stubbings or use 'lenient' strictness. More info: javadoc for UnnecessaryStubbingException class.
	at org.mockito.junit.jupiter.MockitoExtension.lambda$afterEach$2(MockitoExtension.java:200)
	at java.base/java.util.Optional.ifPresent(Optional.java:178)
	at org.mockito.junit.jupiter.MockitoExtension.afterEach(MockitoExtension.java:198)
	at java.base/java.util.ArrayList.forEach(ArrayList.java:1596)
	at java.base/java.util.ArrayList.forEach(ArrayList.java:1596)

